\BOOKMARK [0][-]{chapter*.3}{\376\377\000\332\000v\000o\000d}{}% 1
\BOOKMARK [0][-]{chapter.4}{\376\377\000A\000e\000r\000o\000d\000y\000n\000a\000m\000i\000k\000a}{}% 2
\BOOKMARK [1][-]{section.5}{\376\377\000Z\000\341\000k\000l\000a\000d\000n\000\355\000\040\000s\000i\000l\000o\000v\000\351\000\040\000p\001\157\000s\000o\000b\000e\000n\000\355}{chapter.4}% 3
\BOOKMARK [1][-]{section.7}{\376\377\000R\000o\000v\000n\000o\000v\000\341\000h\000a\000\040\000s\000i\000l\000\040\000v\000\040\000u\000s\000t\000\341\000l\000e\000n\000\351\000m\000\040\000l\000e\000t\000u}{chapter.4}% 4
\BOOKMARK [1][-]{section.10}{\376\377\000V\000z\000t\000l\000a\000k}{chapter.4}% 5
\BOOKMARK [2][-]{subsection.11}{\376\377\000V\000z\000t\000l\000a\000k\000o\000v\000\341\000\040\000r\000o\000v\000n\000i\000c\000e}{section.10}% 6
\BOOKMARK [2][-]{subsection.14}{\376\377\000K\000o\000e\000f\000i\000c\000i\000e\000n\000t\000\040\000v\000z\000t\000l\000a\000k\000u\000\040\000v\000\040\000z\000\341\000v\000i\000s\000l\000o\000s\000t\000i\000\040\000n\000a\000\040\000\372\000h\000l\000u\000\040\000n\000\341\000b\001\033\000h\000u}{section.10}% 7
\BOOKMARK [1][-]{section.15}{\376\377\000A\000e\000r\000o\000d\000y\000n\000a\000m\000i\000c\000k\000\375\000\040\000o\000d\000p\000o\000r}{chapter.4}% 8
\BOOKMARK [2][-]{subsection.16}{\376\377\000O\000d\000p\000o\000r\000o\000v\000\341\000\040\000r\000o\000v\000n\000i\000c\000e}{section.15}% 9
\BOOKMARK [2][-]{subsection.18}{\376\377\000K\000o\000e\000f\000i\000c\000i\000e\000n\000t\000\040\000o\000d\000p\000o\000r\000u}{section.15}% 10
\BOOKMARK [1][-]{section.22}{\376\377\000P\000r\000o\000f\000i\000l\000\040\000k\001\131\000\355\000d\000l\000a}{chapter.4}% 11
\BOOKMARK [2][-]{subsection.23}{\376\377\000G\000e\000o\000m\000e\000t\000r\000i\000e\000\040\000p\000r\000o\000f\000i\000l\000u}{section.22}% 12
\BOOKMARK [2][-]{subsection.24}{\376\377\001\130\000a\000d\000a\000\040\000N\000A\000C\000A}{section.22}% 13
\BOOKMARK [2][-]{subsection.25}{\376\377\000V\000o\000l\000b\000a\000\040\000p\000r\000o\000f\000i\000l\001\157\000\040\000p\000r\000o\000\040\000t\000e\000n\000t\000o\000\040\000p\000r\000o\000j\000e\000k\000t}{section.22}% 14
\BOOKMARK [1][-]{section.27}{\376\377\000R\000e\000y\000n\000o\000l\000d\000s\000o\000v\000o\000\040\001\015\000\355\000s\000l\000o}{chapter.4}% 15
\BOOKMARK [1][-]{section.30}{\376\377\000W\000i\000n\000g\000\040\000l\000o\000a\000d\000i\000n\000g}{chapter.4}% 16
\BOOKMARK [1][-]{section.32}{\376\377\000A\000e\000r\000o\000d\000y\000n\000a\000m\000i\000c\000k\000\341\000\040\000p\000o\000l\000\341\000r\000a\000\040\000a\000\040\000k\000l\000o\000u\000z\000a\000v\000o\000s\000t}{chapter.4}% 17
\BOOKMARK [1][-]{section.34}{\376\377\000O\000b\000j\000e\000m\000o\000v\000\375\000\040\000k\000o\000e\000f\000i\000c\000i\000e\000n\000t\000\040\000v\000\375\001\141\000k\000o\000v\000k\000y}{chapter.4}% 18
\BOOKMARK [1][-]{section.36}{\376\377\000O\000b\000j\000e\000m\000o\000v\000\375\000\040\000k\000o\000e\000f\000i\000c\000i\000e\000n\000t\000\040\000v\000e\000r\000t\000i\000k\000\341\000l\000n\000\355\000h\000o\000\040\000s\000t\000a\000b\000i\000l\000i\000z\000\341\000t\000o\000r\000u}{chapter.4}% 19
\BOOKMARK [1][-]{section.38}{\376\377\000R\000y\000c\000h\000l\000o\000s\000t\000\040\000p\000\341\000d\000u}{chapter.4}% 20
\BOOKMARK [1][-]{section.41}{\376\377\000P\000o\000d\000\351\000l\000n\000\341\000\040\000s\000t\000a\000b\000i\000l\000i\000t\000a}{chapter.4}% 21
\BOOKMARK [2][-]{subsection.44}{\376\377\001\130\000\355\000d\000i\000c\000\355\000\040\000p\000l\000o\000c\000h\000y}{section.41}% 22
\BOOKMARK [0][-]{chapter.45}{\376\377\000N\000\341\000v\000r\000h\000\040\000m\000o\000d\000e\000l\000u}{}% 23
\BOOKMARK [1][-]{section.46}{\376\377\000P\000o\001\176\000a\000d\000a\000v\000k\000y\000\040\000a\000\040\000s\000p\000e\000c\000i\000f\000i\000k\000a\000c\000e}{chapter.45}% 24
\BOOKMARK [1][-]{section.47}{\376\377\000G\000e\000o\000m\000e\000t\000r\000i\000e\000\040\000n\000o\000s\000n\000\375\000c\000h\000\040\000p\000l\000o\000c\000h}{chapter.45}% 25
\BOOKMARK [2][-]{subsection.49}{\376\377\000H\000l\000a\000v\000n\000\355\000\040\000k\001\131\000\355\000d\000l\000o}{section.47}% 26
\BOOKMARK [2][-]{subsection.50}{\376\377\000H\000o\000r\000i\000z\000o\000n\000t\000\341\000l\000n\000\355\000\040\000s\000t\000a\000b\000i\000l\000i\000z\000\341\000t\000o\000r}{section.47}% 27
\BOOKMARK [2][-]{subsection.51}{\376\377\000V\000e\000r\000t\000i\000k\000\341\000l\000n\000\355\000\040\000s\000t\000a\000b\000i\000l\000i\000z\000\341\000t\000o\000r\000\040\000\050\000f\000i\000n\000\051}{section.47}% 28
\BOOKMARK [2][-]{subsection.52}{\376\377\000O\000v\000l\000\341\000d\000a\000c\000\355\000\040\000p\000l\000o\000c\000h\000y}{section.47}% 29
\BOOKMARK [1][-]{section.53}{\376\377\000T\001\033\001\176\000i\001\141\000t\001\033\000\040\000a\000\040\000s\000t\000a\000t\000i\000c\000k\000\341\000\040\000s\000t\000a\000b\000i\000l\000i\000t\000a}{chapter.45}% 30
\BOOKMARK [2][-]{subsection.55}{\376\377\000V\000\375\000s\000l\000e\000d\000k\000y\000\040\000s\000i\000m\000u\000l\000a\000c\000e\000\040}{section.53}% 31
\BOOKMARK [1][-]{section.59}{\376\377\000R\000y\000c\000h\000l\000o\000s\000t\000\040\000p\000\341\000d\000u\000\040\000a\000\040\000l\000e\000t\000o\000v\000\351\000\040\000p\000o\000d\000m\000\355\000n\000k\000y}{chapter.45}% 32
\BOOKMARK [1][-]{section.61}{\376\377\000P\000o\000h\000o\000n\000n\000\341\000\040\000s\000o\000u\000s\000t\000a\000v\000a}{chapter.45}% 33
\BOOKMARK [2][-]{subsection.62}{\376\377\000M\000o\000t\000o\000r\000\040\000a\000\040\000v\000r\000t\000u\000l\000e}{section.61}% 34
\BOOKMARK [2][-]{subsection.63}{\376\377\000R\000e\000g\000u\000l\000\341\000t\000o\000r\000\040\000E\000S\000C\000\040\000a\000\040\000b\000a\000t\000e\000r\000i\000e}{section.61}% 35
\BOOKMARK [2][-]{subsection.64}{\376\377\000E\000n\000e\000r\000g\000e\000t\000i\000c\000k\000\341\000\040\000b\000i\000l\000a\000n\000c\000e}{section.61}% 36
\BOOKMARK [1][-]{section.65}{\376\377\000K\000o\000n\000s\000t\000r\000u\000k\000c\000e\000\040\000a\000\040\000p\000o\000u\001\176\000i\000t\000\351\000\040\000m\000a\000t\000e\000r\000i\000\341\000l\000y}{chapter.45}% 37
\BOOKMARK [2][-]{subsection.66}{\376\377\000N\000\341\000v\000r\000h\000\040\000h\000l\000a\000v\000n\000\355\000h\000o\000\040\000k\001\131\000\355\000d\000l\000a}{section.65}% 38
\BOOKMARK [2][-]{subsection.67}{\376\377\000T\000r\000u\000p}{section.65}% 39
\BOOKMARK [2][-]{subsection.68}{\376\377\000O\000c\000a\000s\000n\000\355\000\040\000p\000l\000o\000c\000h\000y}{section.65}% 40
\BOOKMARK [2][-]{subsection.69}{\376\377\000U\000c\000h\000y\000c\000e\000n\000\355\000\040\000k\001\131\000\355\000d\000l\000a\000\040\000k\000\040\000t\000r\000u\000p\000u}{section.65}% 41
\BOOKMARK [2][-]{subsection.70}{\376\377\000V\000\375\000r\000o\000b\000n\000\355\000\040\000p\000o\000s\000t\000u\000p}{section.65}% 42
\BOOKMARK [0][-]{chapter.71}{\376\377\000E\000l\000e\000k\000t\000r\000o\000n\000i\000k\000a}{}% 43
\BOOKMARK [1][-]{section.72}{\376\377\000S\000c\000h\000\351\000m\000a\000\040\000z\000a\000p\000o\000j\000e\000n\000\355}{chapter.71}% 44
\BOOKMARK [2][-]{subsection.73}{\376\377\000S\000c\000h\000\351\000m\000a\000\040\000l\000e\000t\000a\000d\000l\000a}{section.72}% 45
\BOOKMARK [2][-]{subsection.75}{\376\377\000S\000c\000h\000\351\000m\000a\000\040\000o\000v\000l\000a\000d\000a\001\015\000e}{section.72}% 46
\BOOKMARK [1][-]{section.76}{\376\377\000P\001\131\000e\000h\000l\000e\000d\000\040\000s\000o\000u\001\015\000\341\000s\000t\000e\000k}{chapter.71}% 47
\BOOKMARK [1][-]{section.79}{\376\377\000P\000o\000p\000i\000s\000\040\000s\000o\000u\001\015\000\341\000s\000t\000e\000k}{chapter.71}% 48
\BOOKMARK [2][-]{subsection.80}{\376\377\000M\000i\000k\000r\000o\000k\000o\000n\000t\000r\000o\000l\000\351\000r\000\040\000E\000S\000P\0003\0002}{section.79}% 49
\BOOKMARK [2][-]{subsection.81}{\376\377\000B\000e\000z\000d\000r\000\341\000t\000o\000v\000\375\000\040\000m\000o\000d\000u\000l\000\040\000H\000C\000-\0001\0002}{section.79}% 50
\BOOKMARK [2][-]{subsection.82}{\376\377\000S\000e\000r\000v\000o\000m\000o\000t\000o\000r\000y\000\040\000M\000G\0009\0000\000S}{section.79}% 51
\BOOKMARK [2][-]{subsection.84}{\376\377\000J\000o\000y\000s\000t\000i\000k\000y}{section.79}% 52
\BOOKMARK [2][-]{subsection.85}{\376\377\000R\000e\000g\000u\000l\000\341\000t\000o\000r\000\040\000E\000S\000C\000\040\000a\000\040\000m\000o\000t\000o\000r}{section.79}% 53
\BOOKMARK [2][-]{subsection.86}{\376\377\000N\000a\000p\000\341\000j\000e\000n\000\355\000\040\040\024\000\040\000L\000i\000P\000o\000\040\000b\000a\000t\000e\000r\000i\000e}{section.79}% 54
\BOOKMARK [1][-]{section.87}{\376\377\000O\000v\000l\000a\000d\000a\001\015\000\040\040\024\000\040\000h\000a\000r\000d\000w\000a\000r\000o\000v\000\341\000\040\000r\000e\000a\000l\000i\000z\000a\000c\000e}{chapter.71}% 55
\BOOKMARK [0][-]{chapter.88}{\376\377\000S\000o\000f\000t\000w\000a\000r\000e\000\040\000a\000\040\000k\000o\000m\000u\000n\000i\000k\000a\000c\000e}{}% 56
\BOOKMARK [1][-]{section.89}{\376\377\000A\000r\000c\000h\000i\000t\000e\000k\000t\000u\000r\000a\000\040\000s\000y\000s\000t\000\351\000m\000u}{chapter.88}% 57
\BOOKMARK [1][-]{section.90}{\376\377\000K\000o\000m\000u\000n\000i\000k\000a\001\015\000n\000\355\000\040\000m\000o\000d\000u\000l\000\040\000H\000C\000-\0001\0002}{chapter.88}% 58
\BOOKMARK [2][-]{subsection.91}{\376\377\000P\000r\000i\000n\000c\000i\000p\000\040\000f\000u\000n\000k\000c\000e\000\040\000a\000\040\000p\000a\000r\000a\000m\000e\000t\000r\000y}{section.90}% 59
\BOOKMARK [2][-]{subsection.93}{\376\377\000K\000o\000n\000f\000i\000g\000u\000r\000a\000c\000e\000\040\000m\000o\000d\000u\000l\000u}{section.90}% 60
\BOOKMARK [2][-]{subsection.94}{\376\377\000A\000n\000t\000\351\000n\000a}{section.90}% 61
\BOOKMARK [2][-]{subsection.95}{\376\377\000F\000o\000r\000m\000\341\000t\000\040\000p\001\131\000e\000n\000\341\001\141\000e\000n\000\375\000c\000h\000\040\000d\000a\000t}{section.90}% 62
\BOOKMARK [1][-]{section.103}{\376\377\000K\000\363\000d\000\040\000v\000y\000s\000\355\000l\000a\001\015\000e\000\040\000\050\000o\000v\000l\000a\000d\000a\001\015\000\051}{chapter.88}% 63
\BOOKMARK [2][-]{subsection.104}{\376\377\000S\000t\000r\000u\000k\000t\000u\000r\000a\000\040\000k\000\363\000d\000u}{section.103}% 64
\BOOKMARK [2][-]{subsection.105}{\376\377\001\014\000t\000e\000n\000\355\000\040\000v\000s\000t\000u\000p\001\157}{section.103}% 65
\BOOKMARK [2][-]{subsection.106}{\376\377\000O\000d\000e\000s\000\355\000l\000\341\000n\000\355\000\040\000d\000a\000t}{section.103}% 66
\BOOKMARK [1][-]{section.117}{\376\377\000K\000\363\000d\000\040\000p\001\131\000i\000j\000\355\000m\000a\001\015\000e\000\040\000\050\000l\000e\000t\000a\000d\000l\000o\000\051}{chapter.88}% 67
\BOOKMARK [2][-]{subsection.118}{\376\377\000P\001\131\000\355\000j\000e\000m\000\040\000a\000\040\000d\000e\000k\000\363\000d\000o\000v\000\341\000n\000\355\000\040\000d\000a\000t}{section.117}% 68
\BOOKMARK [2][-]{subsection.141}{\376\377\001\130\000\355\000z\000e\000n\000\355\000\040\000s\000e\000r\000v\000o\000m\000o\000t\000o\000r\001\157\000\040\000a\000\040\000E\000S\000C}{section.117}% 69
\BOOKMARK [2][-]{subsection.142}{\376\377\000F\000a\000i\000l\000-\000s\000a\000f\000e}{section.117}% 70
\BOOKMARK [0][-]{chapter*.143}{\376\377\000Z\000\341\000v\001\033\000r}{}% 71
\BOOKMARK [0][-]{chapter*.144}{\376\377\000L\000i\000t\000e\000r\000a\000t\000u\000r\000a}{}% 72
\BOOKMARK [0][-]{chapter*.145}{\376\377\000P\001\131\000\355\000l\000o\000h\000y}{}% 73
